<?xml version="1.0" encoding="UTF-8"?>
<testsuite xmlns:xsi="http://www.w3.org/2001/XMLSchema-instance" xsi:noNamespaceSchemaLocation="https://maven.apache.org/surefire/maven-surefire-plugin/xsd/surefire-test-report.xsd" name="com.provider.DemoApplicationTests" time="11.989" tests="1" errors="0" skipped="0" failures="0">
  <properties>
    <property name="sun.desktop" value="windows"/>
    <property name="awt.toolkit" value="sun.awt.windows.WToolkit"/>
    <property name="file.encoding.pkg" value="sun.io"/>
    <property name="java.specification.version" value="1.8"/>
    <property name="sun.cpu.isalist" value="amd64"/>
    <property name="sun.jnu.encoding" value="GBK"/>
    <property name="java.class.path" value="D:\ItemCloudTest\provider\target\test-classes;D:\ItemCloudTest\provider\target\classes;C:\Users\ggs\Downloads\apache-maven-3.6.0-bin\maven-repositoy\org\springframework\boot\spring-boot-starter-web\2.1.4.RELEASE\spring-boot-starter-web-2.1.4.RELEASE.jar;C:\Users\ggs\Downloads\apache-maven-3.6.0-bin\maven-repositoy\org\springframework\boot\spring-boot-starter\2.1.4.RELEASE\spring-boot-starter-2.1.4.RELEASE.jar;C:\Users\ggs\Downloads\apache-maven-3.6.0-bin\maven-repositoy\org\springframework\boot\spring-boot\2.1.4.RELEASE\spring-boot-2.1.4.RELEASE.jar;C:\Users\ggs\Downloads\apache-maven-3.6.0-bin\maven-repositoy\org\springframework\boot\spring-boot-autoconfigure\2.1.4.RELEASE\spring-boot-autoconfigure-2.1.4.RELEASE.jar;C:\Users\ggs\Downloads\apache-maven-3.6.0-bin\maven-repositoy\org\springframework\boot\spring-boot-starter-logging\2.1.4.RELEASE\spring-boot-starter-logging-2.1.4.RELEASE.jar;C:\Users\ggs\Downloads\apache-maven-3.6.0-bin\maven-repositoy\ch\qos\logback\logback-classic\1.2.3\logback-classic-1.2.3.jar;C:\Users\ggs\Downloads\apache-maven-3.6.0-bin\maven-repositoy\ch\qos\logback\logback-core\1.2.3\logback-core-1.2.3.jar;C:\Users\ggs\Downloads\apache-maven-3.6.0-bin\maven-repositoy\org\apache\logging\log4j\log4j-to-slf4j\2.11.2\log4j-to-slf4j-2.11.2.jar;C:\Users\ggs\Downloads\apache-maven-3.6.0-bin\maven-repositoy\org\apache\logging\log4j\log4j-api\2.11.2\log4j-api-2.11.2.jar;C:\Users\ggs\Downloads\apache-maven-3.6.0-bin\maven-repositoy\org\slf4j\jul-to-slf4j\1.7.26\jul-to-slf4j-1.7.26.jar;C:\Users\ggs\Downloads\apache-maven-3.6.0-bin\maven-repositoy\javax\annotation\javax.annotation-api\1.3.2\javax.annotation-api-1.3.2.jar;C:\Users\ggs\Downloads\apache-maven-3.6.0-bin\maven-repositoy\org\yaml\snakeyaml\1.23\snakeyaml-1.23.jar;C:\Users\ggs\Downloads\apache-maven-3.6.0-bin\maven-repositoy\org\springframework\boot\spring-boot-starter-json\2.1.4.RELEASE\spring-boot-starter-json-2.1.4.RELEASE.jar;C:\Users\ggs\Downloads\apache-maven-3.6.0-bin\maven-repositoy\com\fasterxml\jackson\core\jackson-databind\2.9.8\jackson-databind-2.9.8.jar;C:\Users\ggs\Downloads\apache-maven-3.6.0-bin\maven-repositoy\com\fasterxml\jackson\datatype\jackson-datatype-jdk8\2.9.8\jackson-datatype-jdk8-2.9.8.jar;C:\Users\ggs\Downloads\apache-maven-3.6.0-bin\maven-repositoy\com\fasterxml\jackson\datatype\jackson-datatype-jsr310\2.9.8\jackson-datatype-jsr310-2.9.8.jar;C:\Users\ggs\Downloads\apache-maven-3.6.0-bin\maven-repositoy\com\fasterxml\jackson\module\jackson-module-parameter-names\2.9.8\jackson-module-parameter-names-2.9.8.jar;C:\Users\ggs\Downloads\apache-maven-3.6.0-bin\maven-repositoy\org\springframework\boot\spring-boot-starter-tomcat\2.1.4.RELEASE\spring-boot-starter-tomcat-2.1.4.RELEASE.jar;C:\Users\ggs\Downloads\apache-maven-3.6.0-bin\maven-repositoy\org\apache\tomcat\embed\tomcat-embed-core\9.0.17\tomcat-embed-core-9.0.17.jar;C:\Users\ggs\Downloads\apache-maven-3.6.0-bin\maven-repositoy\org\apache\tomcat\embed\tomcat-embed-el\9.0.17\tomcat-embed-el-9.0.17.jar;C:\Users\ggs\Downloads\apache-maven-3.6.0-bin\maven-repositoy\org\apache\tomcat\embed\tomcat-embed-websocket\9.0.17\tomcat-embed-websocket-9.0.17.jar;C:\Users\ggs\Downloads\apache-maven-3.6.0-bin\maven-repositoy\org\hibernate\validator\hibernate-validator\6.0.16.Final\hibernate-validator-6.0.16.Final.jar;C:\Users\ggs\Downloads\apache-maven-3.6.0-bin\maven-repositoy\javax\validation\validation-api\2.0.1.Final\validation-api-2.0.1.Final.jar;C:\Users\ggs\Downloads\apache-maven-3.6.0-bin\maven-repositoy\org\jboss\logging\jboss-logging\3.3.2.Final\jboss-logging-3.3.2.Final.jar;C:\Users\ggs\Downloads\apache-maven-3.6.0-bin\maven-repositoy\com\fasterxml\classmate\1.4.0\classmate-1.4.0.jar;C:\Users\ggs\Downloads\apache-maven-3.6.0-bin\maven-repositoy\org\springframework\spring-web\5.1.6.RELEASE\spring-web-5.1.6.RELEASE.jar;C:\Users\ggs\Downloads\apache-maven-3.6.0-bin\maven-repositoy\org\springframework\spring-beans\5.1.6.RELEASE\spring-beans-5.1.6.RELEASE.jar;C:\Users\ggs\Downloads\apache-maven-3.6.0-bin\maven-repositoy\org\springframework\spring-webmvc\5.1.6.RELEASE\spring-webmvc-5.1.6.RELEASE.jar;C:\Users\ggs\Downloads\apache-maven-3.6.0-bin\maven-repositoy\org\springframework\spring-aop\5.1.6.RELEASE\spring-aop-5.1.6.RELEASE.jar;C:\Users\ggs\Downloads\apache-maven-3.6.0-bin\maven-repositoy\org\springframework\spring-context\5.1.6.RELEASE\spring-context-5.1.6.RELEASE.jar;C:\Users\ggs\Downloads\apache-maven-3.6.0-bin\maven-repositoy\org\springframework\spring-expression\5.1.6.RELEASE\spring-expression-5.1.6.RELEASE.jar;C:\Users\ggs\Downloads\apache-maven-3.6.0-bin\maven-repositoy\org\springframework\cloud\spring-cloud-starter-netflix-eureka-client\2.1.1.RELEASE\spring-cloud-starter-netflix-eureka-client-2.1.1.RELEASE.jar;C:\Users\ggs\Downloads\apache-maven-3.6.0-bin\maven-repositoy\org\springframework\cloud\spring-cloud-starter\2.1.1.RELEASE\spring-cloud-starter-2.1.1.RELEASE.jar;C:\Users\ggs\Downloads\apache-maven-3.6.0-bin\maven-repositoy\org\springframework\cloud\spring-cloud-context\2.1.1.RELEASE\spring-cloud-context-2.1.1.RELEASE.jar;C:\Users\ggs\Downloads\apache-maven-3.6.0-bin\maven-repositoy\org\springframework\security\spring-security-crypto\5.1.5.RELEASE\spring-security-crypto-5.1.5.RELEASE.jar;C:\Users\ggs\Downloads\apache-maven-3.6.0-bin\maven-repositoy\org\springframework\cloud\spring-cloud-commons\2.1.1.RELEASE\spring-cloud-commons-2.1.1.RELEASE.jar;C:\Users\ggs\Downloads\apache-maven-3.6.0-bin\maven-repositoy\org\springframework\security\spring-security-rsa\1.0.7.RELEASE\spring-security-rsa-1.0.7.RELEASE.jar;C:\Users\ggs\Downloads\apache-maven-3.6.0-bin\maven-repositoy\org\bouncycastle\bcpkix-jdk15on\1.60\bcpkix-jdk15on-1.60.jar;C:\Users\ggs\Downloads\apache-maven-3.6.0-bin\maven-repositoy\org\bouncycastle\bcprov-jdk15on\1.60\bcprov-jdk15on-1.60.jar;C:\Users\ggs\Downloads\apache-maven-3.6.0-bin\maven-repositoy\org\springframework\cloud\spring-cloud-netflix-hystrix\2.1.1.RELEASE\spring-cloud-netflix-hystrix-2.1.1.RELEASE.jar;C:\Users\ggs\Downloads\apache-maven-3.6.0-bin\maven-repositoy\org\springframework\boot\spring-boot-starter-aop\2.1.4.RELEASE\spring-boot-starter-aop-2.1.4.RELEASE.jar;C:\Users\ggs\Downloads\apache-maven-3.6.0-bin\maven-repositoy\org\aspectj\aspectjweaver\1.9.2\aspectjweaver-1.9.2.jar;C:\Users\ggs\Downloads\apache-maven-3.6.0-bin\maven-repositoy\org\springframework\cloud\spring-cloud-netflix-eureka-client\2.1.1.RELEASE\spring-cloud-netflix-eureka-client-2.1.1.RELEASE.jar;C:\Users\ggs\Downloads\apache-maven-3.6.0-bin\maven-repositoy\com\netflix\eureka\eureka-client\1.9.8\eureka-client-1.9.8.jar;C:\Users\ggs\Downloads\apache-maven-3.6.0-bin\maven-repositoy\org\codehaus\jettison\jettison\1.3.7\jettison-1.3.7.jar;C:\Users\ggs\Downloads\apache-maven-3.6.0-bin\maven-repositoy\stax\stax-api\1.0.1\stax-api-1.0.1.jar;C:\Users\ggs\Downloads\apache-maven-3.6.0-bin\maven-repositoy\com\netflix\netflix-commons\netflix-eventbus\0.3.0\netflix-eventbus-0.3.0.jar;C:\Users\ggs\Downloads\apache-maven-3.6.0-bin\maven-repositoy\com\netflix\netflix-commons\netflix-infix\0.3.0\netflix-infix-0.3.0.jar;C:\Users\ggs\Downloads\apache-maven-3.6.0-bin\maven-repositoy\commons-jxpath\commons-jxpath\1.3\commons-jxpath-1.3.jar;C:\Users\ggs\Downloads\apache-maven-3.6.0-bin\maven-repositoy\joda-time\joda-time\2.10.1\joda-time-2.10.1.jar;C:\Users\ggs\Downloads\apache-maven-3.6.0-bin\maven-repositoy\org\antlr\antlr-runtime\3.4\antlr-runtime-3.4.jar;C:\Users\ggs\Downloads\apache-maven-3.6.0-bin\maven-repositoy\org\antlr\stringtemplate\3.2.1\stringtemplate-3.2.1.jar;C:\Users\ggs\Downloads\apache-maven-3.6.0-bin\maven-repositoy\antlr\antlr\2.7.7\antlr-2.7.7.jar;C:\Users\ggs\Downloads\apache-maven-3.6.0-bin\maven-repositoy\com\google\code\gson\gson\2.8.5\gson-2.8.5.jar;C:\Users\ggs\Downloads\apache-maven-3.6.0-bin\maven-repositoy\org\apache\commons\commons-math\2.2\commons-math-2.2.jar;C:\Users\ggs\Downloads\apache-maven-3.6.0-bin\maven-repositoy\com\netflix\archaius\archaius-core\0.7.6\archaius-core-0.7.6.jar;C:\Users\ggs\Downloads\apache-maven-3.6.0-bin\maven-repositoy\com\google\guava\guava\16.0\guava-16.0.jar;C:\Users\ggs\Downloads\apache-maven-3.6.0-bin\maven-repositoy\javax\ws\rs\jsr311-api\1.1.1\jsr311-api-1.1.1.jar;C:\Users\ggs\Downloads\apache-maven-3.6.0-bin\maven-repositoy\com\netflix\servo\servo-core\0.12.21\servo-core-0.12.21.jar;C:\Users\ggs\Downloads\apache-maven-3.6.0-bin\maven-repositoy\com\sun\jersey\jersey-core\1.19.1\jersey-core-1.19.1.jar;C:\Users\ggs\Downloads\apache-maven-3.6.0-bin\maven-repositoy\com\sun\jersey\jersey-client\1.19.1\jersey-client-1.19.1.jar;C:\Users\ggs\Downloads\apache-maven-3.6.0-bin\maven-repositoy\com\sun\jersey\contribs\jersey-apache-client4\1.19.1\jersey-apache-client4-1.19.1.jar;C:\Users\ggs\Downloads\apache-maven-3.6.0-bin\maven-repositoy\org\apache\httpcomponents\httpclient\4.5.8\httpclient-4.5.8.jar;C:\Users\ggs\Downloads\apache-maven-3.6.0-bin\maven-repositoy\org\apache\httpcomponents\httpcore\4.4.11\httpcore-4.4.11.jar;C:\Users\ggs\Downloads\apache-maven-3.6.0-bin\maven-repositoy\commons-codec\commons-codec\1.11\commons-codec-1.11.jar;C:\Users\ggs\Downloads\apache-maven-3.6.0-bin\maven-repositoy\com\google\inject\guice\4.1.0\guice-4.1.0.jar;C:\Users\ggs\Downloads\apache-maven-3.6.0-bin\maven-repositoy\javax\inject\javax.inject\1\javax.inject-1.jar;C:\Users\ggs\Downloads\apache-maven-3.6.0-bin\maven-repositoy\aopalliance\aopalliance\1.0\aopalliance-1.0.jar;C:\Users\ggs\Downloads\apache-maven-3.6.0-bin\maven-repositoy\com\github\vlsi\compactmap\compactmap\1.2.1\compactmap-1.2.1.jar;C:\Users\ggs\Downloads\apache-maven-3.6.0-bin\maven-repositoy\com\github\andrewoma\dexx\dexx-collections\0.2\dexx-collections-0.2.jar;C:\Users\ggs\Downloads\apache-maven-3.6.0-bin\maven-repositoy\com\fasterxml\jackson\core\jackson-annotations\2.9.0\jackson-annotations-2.9.0.jar;C:\Users\ggs\Downloads\apache-maven-3.6.0-bin\maven-repositoy\com\fasterxml\jackson\core\jackson-core\2.9.8\jackson-core-2.9.8.jar;C:\Users\ggs\Downloads\apache-maven-3.6.0-bin\maven-repositoy\com\netflix\eureka\eureka-core\1.9.8\eureka-core-1.9.8.jar;C:\Users\ggs\Downloads\apache-maven-3.6.0-bin\maven-repositoy\org\codehaus\woodstox\woodstox-core-asl\4.4.1\woodstox-core-asl-4.4.1.jar;C:\Users\ggs\Downloads\apache-maven-3.6.0-bin\maven-repositoy\javax\xml\stream\stax-api\1.0-2\stax-api-1.0-2.jar;C:\Users\ggs\Downloads\apache-maven-3.6.0-bin\maven-repositoy\org\codehaus\woodstox\stax2-api\3.1.4\stax2-api-3.1.4.jar;C:\Users\ggs\Downloads\apache-maven-3.6.0-bin\maven-repositoy\org\springframework\cloud\spring-cloud-starter-netflix-archaius\2.1.1.RELEASE\spring-cloud-starter-netflix-archaius-2.1.1.RELEASE.jar;C:\Users\ggs\Downloads\apache-maven-3.6.0-bin\maven-repositoy\org\springframework\cloud\spring-cloud-netflix-ribbon\2.1.1.RELEASE\spring-cloud-netflix-ribbon-2.1.1.RELEASE.jar;C:\Users\ggs\Downloads\apache-maven-3.6.0-bin\maven-repositoy\org\springframework\cloud\spring-cloud-netflix-archaius\2.1.1.RELEASE\spring-cloud-netflix-archaius-2.1.1.RELEASE.jar;C:\Users\ggs\Downloads\apache-maven-3.6.0-bin\maven-repositoy\commons-configuration\commons-configuration\1.8\commons-configuration-1.8.jar;C:\Users\ggs\Downloads\apache-maven-3.6.0-bin\maven-repositoy\commons-lang\commons-lang\2.6\commons-lang-2.6.jar;C:\Users\ggs\Downloads\apache-maven-3.6.0-bin\maven-repositoy\org\springframework\cloud\spring-cloud-starter-netflix-ribbon\2.1.1.RELEASE\spring-cloud-starter-netflix-ribbon-2.1.1.RELEASE.jar;C:\Users\ggs\Downloads\apache-maven-3.6.0-bin\maven-repositoy\com\netflix\ribbon\ribbon\2.3.0\ribbon-2.3.0.jar;C:\Users\ggs\Downloads\apache-maven-3.6.0-bin\maven-repositoy\com\netflix\ribbon\ribbon-transport\2.3.0\ribbon-transport-2.3.0.jar;C:\Users\ggs\Downloads\apache-maven-3.6.0-bin\maven-repositoy\io\reactivex\rxnetty-contexts\0.4.9\rxnetty-contexts-0.4.9.jar;C:\Users\ggs\Downloads\apache-maven-3.6.0-bin\maven-repositoy\io\reactivex\rxnetty-servo\0.4.9\rxnetty-servo-0.4.9.jar;C:\Users\ggs\Downloads\apache-maven-3.6.0-bin\maven-repositoy\com\netflix\hystrix\hystrix-core\1.5.18\hystrix-core-1.5.18.jar;C:\Users\ggs\Downloads\apache-maven-3.6.0-bin\maven-repositoy\org\hdrhistogram\HdrHistogram\2.1.9\HdrHistogram-2.1.9.jar;C:\Users\ggs\Downloads\apache-maven-3.6.0-bin\maven-repositoy\io\reactivex\rxnetty\0.4.9\rxnetty-0.4.9.jar;C:\Users\ggs\Downloads\apache-maven-3.6.0-bin\maven-repositoy\com\netflix\ribbon\ribbon-core\2.3.0\ribbon-core-2.3.0.jar;C:\Users\ggs\Downloads\apache-maven-3.6.0-bin\maven-repositoy\com\netflix\ribbon\ribbon-httpclient\2.3.0\ribbon-httpclient-2.3.0.jar;C:\Users\ggs\Downloads\apache-maven-3.6.0-bin\maven-repositoy\commons-collections\commons-collections\3.2.2\commons-collections-3.2.2.jar;C:\Users\ggs\Downloads\apache-maven-3.6.0-bin\maven-repositoy\com\netflix\netflix-commons\netflix-commons-util\0.3.0\netflix-commons-util-0.3.0.jar;C:\Users\ggs\Downloads\apache-maven-3.6.0-bin\maven-repositoy\com\netflix\ribbon\ribbon-loadbalancer\2.3.0\ribbon-loadbalancer-2.3.0.jar;C:\Users\ggs\Downloads\apache-maven-3.6.0-bin\maven-repositoy\com\netflix\netflix-commons\netflix-statistics\0.1.1\netflix-statistics-0.1.1.jar;C:\Users\ggs\Downloads\apache-maven-3.6.0-bin\maven-repositoy\io\reactivex\rxjava\1.3.8\rxjava-1.3.8.jar;C:\Users\ggs\Downloads\apache-maven-3.6.0-bin\maven-repositoy\com\netflix\ribbon\ribbon-eureka\2.3.0\ribbon-eureka-2.3.0.jar;C:\Users\ggs\Downloads\apache-maven-3.6.0-bin\maven-repositoy\org\slf4j\slf4j-api\1.7.26\slf4j-api-1.7.26.jar;C:\Users\ggs\Downloads\apache-maven-3.6.0-bin\maven-repositoy\com\thoughtworks\xstream\xstream\1.4.10\xstream-1.4.10.jar;C:\Users\ggs\Downloads\apache-maven-3.6.0-bin\maven-repositoy\xmlpull\xmlpull\1.1.3.1\xmlpull-1.1.3.1.jar;C:\Users\ggs\Downloads\apache-maven-3.6.0-bin\maven-repositoy\xpp3\xpp3_min\1.1.4c\xpp3_min-1.1.4c.jar;C:\Users\ggs\Downloads\apache-maven-3.6.0-bin\maven-repositoy\org\springframework\boot\spring-boot-starter-test\2.1.4.RELEASE\spring-boot-starter-test-2.1.4.RELEASE.jar;C:\Users\ggs\Downloads\apache-maven-3.6.0-bin\maven-repositoy\org\springframework\boot\spring-boot-test\2.1.4.RELEASE\spring-boot-test-2.1.4.RELEASE.jar;C:\Users\ggs\Downloads\apache-maven-3.6.0-bin\maven-repositoy\org\springframework\boot\spring-boot-test-autoconfigure\2.1.4.RELEASE\spring-boot-test-autoconfigure-2.1.4.RELEASE.jar;C:\Users\ggs\Downloads\apache-maven-3.6.0-bin\maven-repositoy\com\jayway\jsonpath\json-path\2.4.0\json-path-2.4.0.jar;C:\Users\ggs\Downloads\apache-maven-3.6.0-bin\maven-repositoy\net\minidev\json-smart\2.3\json-smart-2.3.jar;C:\Users\ggs\Downloads\apache-maven-3.6.0-bin\maven-repositoy\net\minidev\accessors-smart\1.2\accessors-smart-1.2.jar;C:\Users\ggs\Downloads\apache-maven-3.6.0-bin\maven-repositoy\org\ow2\asm\asm\5.0.4\asm-5.0.4.jar;C:\Users\ggs\Downloads\apache-maven-3.6.0-bin\maven-repositoy\junit\junit\4.12\junit-4.12.jar;C:\Users\ggs\Downloads\apache-maven-3.6.0-bin\maven-repositoy\org\assertj\assertj-core\3.11.1\assertj-core-3.11.1.jar;C:\Users\ggs\Downloads\apache-maven-3.6.0-bin\maven-repositoy\org\mockito\mockito-core\2.23.4\mockito-core-2.23.4.jar;C:\Users\ggs\Downloads\apache-maven-3.6.0-bin\maven-repositoy\net\bytebuddy\byte-buddy\1.9.12\byte-buddy-1.9.12.jar;C:\Users\ggs\Downloads\apache-maven-3.6.0-bin\maven-repositoy\net\bytebuddy\byte-buddy-agent\1.9.12\byte-buddy-agent-1.9.12.jar;C:\Users\ggs\Downloads\apache-maven-3.6.0-bin\maven-repositoy\org\objenesis\objenesis\2.6\objenesis-2.6.jar;C:\Users\ggs\Downloads\apache-maven-3.6.0-bin\maven-repositoy\org\hamcrest\hamcrest-core\1.3\hamcrest-core-1.3.jar;C:\Users\ggs\Downloads\apache-maven-3.6.0-bin\maven-repositoy\org\hamcrest\hamcrest-library\1.3\hamcrest-library-1.3.jar;C:\Users\ggs\Downloads\apache-maven-3.6.0-bin\maven-repositoy\org\skyscreamer\jsonassert\1.5.0\jsonassert-1.5.0.jar;C:\Users\ggs\Downloads\apache-maven-3.6.0-bin\maven-repositoy\com\vaadin\external\google\android-json\0.0.20131108.vaadin1\android-json-0.0.20131108.vaadin1.jar;C:\Users\ggs\Downloads\apache-maven-3.6.0-bin\maven-repositoy\org\springframework\spring-core\5.1.6.RELEASE\spring-core-5.1.6.RELEASE.jar;C:\Users\ggs\Downloads\apache-maven-3.6.0-bin\maven-repositoy\org\springframework\spring-jcl\5.1.6.RELEASE\spring-jcl-5.1.6.RELEASE.jar;C:\Users\ggs\Downloads\apache-maven-3.6.0-bin\maven-repositoy\org\springframework\spring-test\5.1.6.RELEASE\spring-test-5.1.6.RELEASE.jar;C:\Users\ggs\Downloads\apache-maven-3.6.0-bin\maven-repositoy\org\xmlunit\xmlunit-core\2.6.2\xmlunit-core-2.6.2.jar;"/>
    <property name="java.vm.vendor" value="Oracle Corporation"/>
    <property name="sun.arch.data.model" value="64"/>
    <property name="user.variant" value=""/>
    <property name="java.vendor.url" value="http://java.oracle.com/"/>
    <property name="user.timezone" value="GMT+08:00"/>
    <property name="java.vm.specification.version" value="1.8"/>
    <property name="os.name" value="Windows 10"/>
    <property name="user.country" value="CN"/>
    <property name="sun.java.launcher" value="SUN_STANDARD"/>
    <property name="sun.boot.library.path" value="D:\java\jre\bin"/>
    <property name="sun.java.command" value="C:\Users\ggs\AppData\Local\Temp\surefire2816950126349962566\surefirebooter2852686692827798396.jar C:\Users\ggs\AppData\Local\Temp\surefire2816950126349962566 2019-04-22T10-59-47_964-jvmRun1 surefire3089684805765533147tmp surefire_04908492531262969266tmp"/>
    <property name="surefire.test.class.path" value="D:\ItemCloudTest\provider\target\test-classes;D:\ItemCloudTest\provider\target\classes;C:\Users\ggs\Downloads\apache-maven-3.6.0-bin\maven-repositoy\org\springframework\boot\spring-boot-starter-web\2.1.4.RELEASE\spring-boot-starter-web-2.1.4.RELEASE.jar;C:\Users\ggs\Downloads\apache-maven-3.6.0-bin\maven-repositoy\org\springframework\boot\spring-boot-starter\2.1.4.RELEASE\spring-boot-starter-2.1.4.RELEASE.jar;C:\Users\ggs\Downloads\apache-maven-3.6.0-bin\maven-repositoy\org\springframework\boot\spring-boot\2.1.4.RELEASE\spring-boot-2.1.4.RELEASE.jar;C:\Users\ggs\Downloads\apache-maven-3.6.0-bin\maven-repositoy\org\springframework\boot\spring-boot-autoconfigure\2.1.4.RELEASE\spring-boot-autoconfigure-2.1.4.RELEASE.jar;C:\Users\ggs\Downloads\apache-maven-3.6.0-bin\maven-repositoy\org\springframework\boot\spring-boot-starter-logging\2.1.4.RELEASE\spring-boot-starter-logging-2.1.4.RELEASE.jar;C:\Users\ggs\Downloads\apache-maven-3.6.0-bin\maven-repositoy\ch\qos\logback\logback-classic\1.2.3\logback-classic-1.2.3.jar;C:\Users\ggs\Downloads\apache-maven-3.6.0-bin\maven-repositoy\ch\qos\logback\logback-core\1.2.3\logback-core-1.2.3.jar;C:\Users\ggs\Downloads\apache-maven-3.6.0-bin\maven-repositoy\org\apache\logging\log4j\log4j-to-slf4j\2.11.2\log4j-to-slf4j-2.11.2.jar;C:\Users\ggs\Downloads\apache-maven-3.6.0-bin\maven-repositoy\org\apache\logging\log4j\log4j-api\2.11.2\log4j-api-2.11.2.jar;C:\Users\ggs\Downloads\apache-maven-3.6.0-bin\maven-repositoy\org\slf4j\jul-to-slf4j\1.7.26\jul-to-slf4j-1.7.26.jar;C:\Users\ggs\Downloads\apache-maven-3.6.0-bin\maven-repositoy\javax\annotation\javax.annotation-api\1.3.2\javax.annotation-api-1.3.2.jar;C:\Users\ggs\Downloads\apache-maven-3.6.0-bin\maven-repositoy\org\yaml\snakeyaml\1.23\snakeyaml-1.23.jar;C:\Users\ggs\Downloads\apache-maven-3.6.0-bin\maven-repositoy\org\springframework\boot\spring-boot-starter-json\2.1.4.RELEASE\spring-boot-starter-json-2.1.4.RELEASE.jar;C:\Users\ggs\Downloads\apache-maven-3.6.0-bin\maven-repositoy\com\fasterxml\jackson\core\jackson-databind\2.9.8\jackson-databind-2.9.8.jar;C:\Users\ggs\Downloads\apache-maven-3.6.0-bin\maven-repositoy\com\fasterxml\jackson\datatype\jackson-datatype-jdk8\2.9.8\jackson-datatype-jdk8-2.9.8.jar;C:\Users\ggs\Downloads\apache-maven-3.6.0-bin\maven-repositoy\com\fasterxml\jackson\datatype\jackson-datatype-jsr310\2.9.8\jackson-datatype-jsr310-2.9.8.jar;C:\Users\ggs\Downloads\apache-maven-3.6.0-bin\maven-repositoy\com\fasterxml\jackson\module\jackson-module-parameter-names\2.9.8\jackson-module-parameter-names-2.9.8.jar;C:\Users\ggs\Downloads\apache-maven-3.6.0-bin\maven-repositoy\org\springframework\boot\spring-boot-starter-tomcat\2.1.4.RELEASE\spring-boot-starter-tomcat-2.1.4.RELEASE.jar;C:\Users\ggs\Downloads\apache-maven-3.6.0-bin\maven-repositoy\org\apache\tomcat\embed\tomcat-embed-core\9.0.17\tomcat-embed-core-9.0.17.jar;C:\Users\ggs\Downloads\apache-maven-3.6.0-bin\maven-repositoy\org\apache\tomcat\embed\tomcat-embed-el\9.0.17\tomcat-embed-el-9.0.17.jar;C:\Users\ggs\Downloads\apache-maven-3.6.0-bin\maven-repositoy\org\apache\tomcat\embed\tomcat-embed-websocket\9.0.17\tomcat-embed-websocket-9.0.17.jar;C:\Users\ggs\Downloads\apache-maven-3.6.0-bin\maven-repositoy\org\hibernate\validator\hibernate-validator\6.0.16.Final\hibernate-validator-6.0.16.Final.jar;C:\Users\ggs\Downloads\apache-maven-3.6.0-bin\maven-repositoy\javax\validation\validation-api\2.0.1.Final\validation-api-2.0.1.Final.jar;C:\Users\ggs\Downloads\apache-maven-3.6.0-bin\maven-repositoy\org\jboss\logging\jboss-logging\3.3.2.Final\jboss-logging-3.3.2.Final.jar;C:\Users\ggs\Downloads\apache-maven-3.6.0-bin\maven-repositoy\com\fasterxml\classmate\1.4.0\classmate-1.4.0.jar;C:\Users\ggs\Downloads\apache-maven-3.6.0-bin\maven-repositoy\org\springframework\spring-web\5.1.6.RELEASE\spring-web-5.1.6.RELEASE.jar;C:\Users\ggs\Downloads\apache-maven-3.6.0-bin\maven-repositoy\org\springframework\spring-beans\5.1.6.RELEASE\spring-beans-5.1.6.RELEASE.jar;C:\Users\ggs\Downloads\apache-maven-3.6.0-bin\maven-repositoy\org\springframework\spring-webmvc\5.1.6.RELEASE\spring-webmvc-5.1.6.RELEASE.jar;C:\Users\ggs\Downloads\apache-maven-3.6.0-bin\maven-repositoy\org\springframework\spring-aop\5.1.6.RELEASE\spring-aop-5.1.6.RELEASE.jar;C:\Users\ggs\Downloads\apache-maven-3.6.0-bin\maven-repositoy\org\springframework\spring-context\5.1.6.RELEASE\spring-context-5.1.6.RELEASE.jar;C:\Users\ggs\Downloads\apache-maven-3.6.0-bin\maven-repositoy\org\springframework\spring-expression\5.1.6.RELEASE\spring-expression-5.1.6.RELEASE.jar;C:\Users\ggs\Downloads\apache-maven-3.6.0-bin\maven-repositoy\org\springframework\cloud\spring-cloud-starter-netflix-eureka-client\2.1.1.RELEASE\spring-cloud-starter-netflix-eureka-client-2.1.1.RELEASE.jar;C:\Users\ggs\Downloads\apache-maven-3.6.0-bin\maven-repositoy\org\springframework\cloud\spring-cloud-starter\2.1.1.RELEASE\spring-cloud-starter-2.1.1.RELEASE.jar;C:\Users\ggs\Downloads\apache-maven-3.6.0-bin\maven-repositoy\org\springframework\cloud\spring-cloud-context\2.1.1.RELEASE\spring-cloud-context-2.1.1.RELEASE.jar;C:\Users\ggs\Downloads\apache-maven-3.6.0-bin\maven-repositoy\org\springframework\security\spring-security-crypto\5.1.5.RELEASE\spring-security-crypto-5.1.5.RELEASE.jar;C:\Users\ggs\Downloads\apache-maven-3.6.0-bin\maven-repositoy\org\springframework\cloud\spring-cloud-commons\2.1.1.RELEASE\spring-cloud-commons-2.1.1.RELEASE.jar;C:\Users\ggs\Downloads\apache-maven-3.6.0-bin\maven-repositoy\org\springframework\security\spring-security-rsa\1.0.7.RELEASE\spring-security-rsa-1.0.7.RELEASE.jar;C:\Users\ggs\Downloads\apache-maven-3.6.0-bin\maven-repositoy\org\bouncycastle\bcpkix-jdk15on\1.60\bcpkix-jdk15on-1.60.jar;C:\Users\ggs\Downloads\apache-maven-3.6.0-bin\maven-repositoy\org\bouncycastle\bcprov-jdk15on\1.60\bcprov-jdk15on-1.60.jar;C:\Users\ggs\Downloads\apache-maven-3.6.0-bin\maven-repositoy\org\springframework\cloud\spring-cloud-netflix-hystrix\2.1.1.RELEASE\spring-cloud-netflix-hystrix-2.1.1.RELEASE.jar;C:\Users\ggs\Downloads\apache-maven-3.6.0-bin\maven-repositoy\org\springframework\boot\spring-boot-starter-aop\2.1.4.RELEASE\spring-boot-starter-aop-2.1.4.RELEASE.jar;C:\Users\ggs\Downloads\apache-maven-3.6.0-bin\maven-repositoy\org\aspectj\aspectjweaver\1.9.2\aspectjweaver-1.9.2.jar;C:\Users\ggs\Downloads\apache-maven-3.6.0-bin\maven-repositoy\org\springframework\cloud\spring-cloud-netflix-eureka-client\2.1.1.RELEASE\spring-cloud-netflix-eureka-client-2.1.1.RELEASE.jar;C:\Users\ggs\Downloads\apache-maven-3.6.0-bin\maven-repositoy\com\netflix\eureka\eureka-client\1.9.8\eureka-client-1.9.8.jar;C:\Users\ggs\Downloads\apache-maven-3.6.0-bin\maven-repositoy\org\codehaus\jettison\jettison\1.3.7\jettison-1.3.7.jar;C:\Users\ggs\Downloads\apache-maven-3.6.0-bin\maven-repositoy\stax\stax-api\1.0.1\stax-api-1.0.1.jar;C:\Users\ggs\Downloads\apache-maven-3.6.0-bin\maven-repositoy\com\netflix\netflix-commons\netflix-eventbus\0.3.0\netflix-eventbus-0.3.0.jar;C:\Users\ggs\Downloads\apache-maven-3.6.0-bin\maven-repositoy\com\netflix\netflix-commons\netflix-infix\0.3.0\netflix-infix-0.3.0.jar;C:\Users\ggs\Downloads\apache-maven-3.6.0-bin\maven-repositoy\commons-jxpath\commons-jxpath\1.3\commons-jxpath-1.3.jar;C:\Users\ggs\Downloads\apache-maven-3.6.0-bin\maven-repositoy\joda-time\joda-time\2.10.1\joda-time-2.10.1.jar;C:\Users\ggs\Downloads\apache-maven-3.6.0-bin\maven-repositoy\org\antlr\antlr-runtime\3.4\antlr-runtime-3.4.jar;C:\Users\ggs\Downloads\apache-maven-3.6.0-bin\maven-repositoy\org\antlr\stringtemplate\3.2.1\stringtemplate-3.2.1.jar;C:\Users\ggs\Downloads\apache-maven-3.6.0-bin\maven-repositoy\antlr\antlr\2.7.7\antlr-2.7.7.jar;C:\Users\ggs\Downloads\apache-maven-3.6.0-bin\maven-repositoy\com\google\code\gson\gson\2.8.5\gson-2.8.5.jar;C:\Users\ggs\Downloads\apache-maven-3.6.0-bin\maven-repositoy\org\apache\commons\commons-math\2.2\commons-math-2.2.jar;C:\Users\ggs\Downloads\apache-maven-3.6.0-bin\maven-repositoy\com\netflix\archaius\archaius-core\0.7.6\archaius-core-0.7.6.jar;C:\Users\ggs\Downloads\apache-maven-3.6.0-bin\maven-repositoy\com\google\guava\guava\16.0\guava-16.0.jar;C:\Users\ggs\Downloads\apache-maven-3.6.0-bin\maven-repositoy\javax\ws\rs\jsr311-api\1.1.1\jsr311-api-1.1.1.jar;C:\Users\ggs\Downloads\apache-maven-3.6.0-bin\maven-repositoy\com\netflix\servo\servo-core\0.12.21\servo-core-0.12.21.jar;C:\Users\ggs\Downloads\apache-maven-3.6.0-bin\maven-repositoy\com\sun\jersey\jersey-core\1.19.1\jersey-core-1.19.1.jar;C:\Users\ggs\Downloads\apache-maven-3.6.0-bin\maven-repositoy\com\sun\jersey\jersey-client\1.19.1\jersey-client-1.19.1.jar;C:\Users\ggs\Downloads\apache-maven-3.6.0-bin\maven-repositoy\com\sun\jersey\contribs\jersey-apache-client4\1.19.1\jersey-apache-client4-1.19.1.jar;C:\Users\ggs\Downloads\apache-maven-3.6.0-bin\maven-repositoy\org\apache\httpcomponents\httpclient\4.5.8\httpclient-4.5.8.jar;C:\Users\ggs\Downloads\apache-maven-3.6.0-bin\maven-repositoy\org\apache\httpcomponents\httpcore\4.4.11\httpcore-4.4.11.jar;C:\Users\ggs\Downloads\apache-maven-3.6.0-bin\maven-repositoy\commons-codec\commons-codec\1.11\commons-codec-1.11.jar;C:\Users\ggs\Downloads\apache-maven-3.6.0-bin\maven-repositoy\com\google\inject\guice\4.1.0\guice-4.1.0.jar;C:\Users\ggs\Downloads\apache-maven-3.6.0-bin\maven-repositoy\javax\inject\javax.inject\1\javax.inject-1.jar;C:\Users\ggs\Downloads\apache-maven-3.6.0-bin\maven-repositoy\aopalliance\aopalliance\1.0\aopalliance-1.0.jar;C:\Users\ggs\Downloads\apache-maven-3.6.0-bin\maven-repositoy\com\github\vlsi\compactmap\compactmap\1.2.1\compactmap-1.2.1.jar;C:\Users\ggs\Downloads\apache-maven-3.6.0-bin\maven-repositoy\com\github\andrewoma\dexx\dexx-collections\0.2\dexx-collections-0.2.jar;C:\Users\ggs\Downloads\apache-maven-3.6.0-bin\maven-repositoy\com\fasterxml\jackson\core\jackson-annotations\2.9.0\jackson-annotations-2.9.0.jar;C:\Users\ggs\Downloads\apache-maven-3.6.0-bin\maven-repositoy\com\fasterxml\jackson\core\jackson-core\2.9.8\jackson-core-2.9.8.jar;C:\Users\ggs\Downloads\apache-maven-3.6.0-bin\maven-repositoy\com\netflix\eureka\eureka-core\1.9.8\eureka-core-1.9.8.jar;C:\Users\ggs\Downloads\apache-maven-3.6.0-bin\maven-repositoy\org\codehaus\woodstox\woodstox-core-asl\4.4.1\woodstox-core-asl-4.4.1.jar;C:\Users\ggs\Downloads\apache-maven-3.6.0-bin\maven-repositoy\javax\xml\stream\stax-api\1.0-2\stax-api-1.0-2.jar;C:\Users\ggs\Downloads\apache-maven-3.6.0-bin\maven-repositoy\org\codehaus\woodstox\stax2-api\3.1.4\stax2-api-3.1.4.jar;C:\Users\ggs\Downloads\apache-maven-3.6.0-bin\maven-repositoy\org\springframework\cloud\spring-cloud-starter-netflix-archaius\2.1.1.RELEASE\spring-cloud-starter-netflix-archaius-2.1.1.RELEASE.jar;C:\Users\ggs\Downloads\apache-maven-3.6.0-bin\maven-repositoy\org\springframework\cloud\spring-cloud-netflix-ribbon\2.1.1.RELEASE\spring-cloud-netflix-ribbon-2.1.1.RELEASE.jar;C:\Users\ggs\Downloads\apache-maven-3.6.0-bin\maven-repositoy\org\springframework\cloud\spring-cloud-netflix-archaius\2.1.1.RELEASE\spring-cloud-netflix-archaius-2.1.1.RELEASE.jar;C:\Users\ggs\Downloads\apache-maven-3.6.0-bin\maven-repositoy\commons-configuration\commons-configuration\1.8\commons-configuration-1.8.jar;C:\Users\ggs\Downloads\apache-maven-3.6.0-bin\maven-repositoy\commons-lang\commons-lang\2.6\commons-lang-2.6.jar;C:\Users\ggs\Downloads\apache-maven-3.6.0-bin\maven-repositoy\org\springframework\cloud\spring-cloud-starter-netflix-ribbon\2.1.1.RELEASE\spring-cloud-starter-netflix-ribbon-2.1.1.RELEASE.jar;C:\Users\ggs\Downloads\apache-maven-3.6.0-bin\maven-repositoy\com\netflix\ribbon\ribbon\2.3.0\ribbon-2.3.0.jar;C:\Users\ggs\Downloads\apache-maven-3.6.0-bin\maven-repositoy\com\netflix\ribbon\ribbon-transport\2.3.0\ribbon-transport-2.3.0.jar;C:\Users\ggs\Downloads\apache-maven-3.6.0-bin\maven-repositoy\io\reactivex\rxnetty-contexts\0.4.9\rxnetty-contexts-0.4.9.jar;C:\Users\ggs\Downloads\apache-maven-3.6.0-bin\maven-repositoy\io\reactivex\rxnetty-servo\0.4.9\rxnetty-servo-0.4.9.jar;C:\Users\ggs\Downloads\apache-maven-3.6.0-bin\maven-repositoy\com\netflix\hystrix\hystrix-core\1.5.18\hystrix-core-1.5.18.jar;C:\Users\ggs\Downloads\apache-maven-3.6.0-bin\maven-repositoy\org\hdrhistogram\HdrHistogram\2.1.9\HdrHistogram-2.1.9.jar;C:\Users\ggs\Downloads\apache-maven-3.6.0-bin\maven-repositoy\io\reactivex\rxnetty\0.4.9\rxnetty-0.4.9.jar;C:\Users\ggs\Downloads\apache-maven-3.6.0-bin\maven-repositoy\com\netflix\ribbon\ribbon-core\2.3.0\ribbon-core-2.3.0.jar;C:\Users\ggs\Downloads\apache-maven-3.6.0-bin\maven-repositoy\com\netflix\ribbon\ribbon-httpclient\2.3.0\ribbon-httpclient-2.3.0.jar;C:\Users\ggs\Downloads\apache-maven-3.6.0-bin\maven-repositoy\commons-collections\commons-collections\3.2.2\commons-collections-3.2.2.jar;C:\Users\ggs\Downloads\apache-maven-3.6.0-bin\maven-repositoy\com\netflix\netflix-commons\netflix-commons-util\0.3.0\netflix-commons-util-0.3.0.jar;C:\Users\ggs\Downloads\apache-maven-3.6.0-bin\maven-repositoy\com\netflix\ribbon\ribbon-loadbalancer\2.3.0\ribbon-loadbalancer-2.3.0.jar;C:\Users\ggs\Downloads\apache-maven-3.6.0-bin\maven-repositoy\com\netflix\netflix-commons\netflix-statistics\0.1.1\netflix-statistics-0.1.1.jar;C:\Users\ggs\Downloads\apache-maven-3.6.0-bin\maven-repositoy\io\reactivex\rxjava\1.3.8\rxjava-1.3.8.jar;C:\Users\ggs\Downloads\apache-maven-3.6.0-bin\maven-repositoy\com\netflix\ribbon\ribbon-eureka\2.3.0\ribbon-eureka-2.3.0.jar;C:\Users\ggs\Downloads\apache-maven-3.6.0-bin\maven-repositoy\org\slf4j\slf4j-api\1.7.26\slf4j-api-1.7.26.jar;C:\Users\ggs\Downloads\apache-maven-3.6.0-bin\maven-repositoy\com\thoughtworks\xstream\xstream\1.4.10\xstream-1.4.10.jar;C:\Users\ggs\Downloads\apache-maven-3.6.0-bin\maven-repositoy\xmlpull\xmlpull\1.1.3.1\xmlpull-1.1.3.1.jar;C:\Users\ggs\Downloads\apache-maven-3.6.0-bin\maven-repositoy\xpp3\xpp3_min\1.1.4c\xpp3_min-1.1.4c.jar;C:\Users\ggs\Downloads\apache-maven-3.6.0-bin\maven-repositoy\org\springframework\boot\spring-boot-starter-test\2.1.4.RELEASE\spring-boot-starter-test-2.1.4.RELEASE.jar;C:\Users\ggs\Downloads\apache-maven-3.6.0-bin\maven-repositoy\org\springframework\boot\spring-boot-test\2.1.4.RELEASE\spring-boot-test-2.1.4.RELEASE.jar;C:\Users\ggs\Downloads\apache-maven-3.6.0-bin\maven-repositoy\org\springframework\boot\spring-boot-test-autoconfigure\2.1.4.RELEASE\spring-boot-test-autoconfigure-2.1.4.RELEASE.jar;C:\Users\ggs\Downloads\apache-maven-3.6.0-bin\maven-repositoy\com\jayway\jsonpath\json-path\2.4.0\json-path-2.4.0.jar;C:\Users\ggs\Downloads\apache-maven-3.6.0-bin\maven-repositoy\net\minidev\json-smart\2.3\json-smart-2.3.jar;C:\Users\ggs\Downloads\apache-maven-3.6.0-bin\maven-repositoy\net\minidev\accessors-smart\1.2\accessors-smart-1.2.jar;C:\Users\ggs\Downloads\apache-maven-3.6.0-bin\maven-repositoy\org\ow2\asm\asm\5.0.4\asm-5.0.4.jar;C:\Users\ggs\Downloads\apache-maven-3.6.0-bin\maven-repositoy\junit\junit\4.12\junit-4.12.jar;C:\Users\ggs\Downloads\apache-maven-3.6.0-bin\maven-repositoy\org\assertj\assertj-core\3.11.1\assertj-core-3.11.1.jar;C:\Users\ggs\Downloads\apache-maven-3.6.0-bin\maven-repositoy\org\mockito\mockito-core\2.23.4\mockito-core-2.23.4.jar;C:\Users\ggs\Downloads\apache-maven-3.6.0-bin\maven-repositoy\net\bytebuddy\byte-buddy\1.9.12\byte-buddy-1.9.12.jar;C:\Users\ggs\Downloads\apache-maven-3.6.0-bin\maven-repositoy\net\bytebuddy\byte-buddy-agent\1.9.12\byte-buddy-agent-1.9.12.jar;C:\Users\ggs\Downloads\apache-maven-3.6.0-bin\maven-repositoy\org\objenesis\objenesis\2.6\objenesis-2.6.jar;C:\Users\ggs\Downloads\apache-maven-3.6.0-bin\maven-repositoy\org\hamcrest\hamcrest-core\1.3\hamcrest-core-1.3.jar;C:\Users\ggs\Downloads\apache-maven-3.6.0-bin\maven-repositoy\org\hamcrest\hamcrest-library\1.3\hamcrest-library-1.3.jar;C:\Users\ggs\Downloads\apache-maven-3.6.0-bin\maven-repositoy\org\skyscreamer\jsonassert\1.5.0\jsonassert-1.5.0.jar;C:\Users\ggs\Downloads\apache-maven-3.6.0-bin\maven-repositoy\com\vaadin\external\google\android-json\0.0.20131108.vaadin1\android-json-0.0.20131108.vaadin1.jar;C:\Users\ggs\Downloads\apache-maven-3.6.0-bin\maven-repositoy\org\springframework\spring-core\5.1.6.RELEASE\spring-core-5.1.6.RELEASE.jar;C:\Users\ggs\Downloads\apache-maven-3.6.0-bin\maven-repositoy\org\springframework\spring-jcl\5.1.6.RELEASE\spring-jcl-5.1.6.RELEASE.jar;C:\Users\ggs\Downloads\apache-maven-3.6.0-bin\maven-repositoy\org\springframework\spring-test\5.1.6.RELEASE\spring-test-5.1.6.RELEASE.jar;C:\Users\ggs\Downloads\apache-maven-3.6.0-bin\maven-repositoy\org\xmlunit\xmlunit-core\2.6.2\xmlunit-core-2.6.2.jar;"/>
    <property name="sun.cpu.endian" value="little"/>
    <property name="user.home" value="C:\Users\ggs"/>
    <property name="user.language" value="zh"/>
    <property name="java.specification.vendor" value="Oracle Corporation"/>
    <property name="java.home" value="D:\java\jre"/>
    <property name="basedir" value="D:\ItemCloudTest\provider"/>
    <property name="file.separator" value="\"/>
    <property name="line.separator" value="&#10;"/>
    <property name="java.vm.specification.vendor" value="Oracle Corporation"/>
    <property name="java.specification.name" value="Java Platform API Specification"/>
    <property name="java.awt.graphicsenv" value="sun.awt.Win32GraphicsEnvironment"/>
    <property name="surefire.real.class.path" value="C:\Users\ggs\AppData\Local\Temp\surefire2816950126349962566\surefirebooter2852686692827798396.jar"/>
    <property name="sun.boot.class.path" value="D:\java\jre\lib\resources.jar;D:\java\jre\lib\rt.jar;D:\java\jre\lib\sunrsasign.jar;D:\java\jre\lib\jsse.jar;D:\java\jre\lib\jce.jar;D:\java\jre\lib\charsets.jar;D:\java\jre\lib\jfr.jar;D:\java\jre\classes"/>
    <property name="user.script" value=""/>
    <property name="sun.management.compiler" value="HotSpot 64-Bit Tiered Compilers"/>
    <property name="java.runtime.version" value="1.8.0_60-b27"/>
    <property name="user.name" value="ggs"/>
    <property name="path.separator" value=";"/>
    <property name="os.version" value="10.0"/>
    <property name="java.endorsed.dirs" value="D:\java\jre\lib\endorsed"/>
    <property name="java.runtime.name" value="Java(TM) SE Runtime Environment"/>
    <property name="file.encoding" value="GBK"/>
    <property name="java.vm.name" value="Java HotSpot(TM) 64-Bit Server VM"/>
    <property name="localRepository" value="C:\Users\ggs\Downloads\apache-maven-3.6.0-bin\maven-repositoy"/>
    <property name="java.vendor.url.bug" value="http://bugreport.sun.com/bugreport/"/>
    <property name="java.io.tmpdir" value="C:\Users\ggs\AppData\Local\Temp\"/>
    <property name="java.version" value="1.8.0_60"/>
    <property name="user.dir" value="D:\ItemCloudTest\provider"/>
    <property name="os.arch" value="amd64"/>
    <property name="java.vm.specification.name" value="Java Virtual Machine Specification"/>
    <property name="java.awt.printerjob" value="sun.awt.windows.WPrinterJob"/>
    <property name="sun.os.patch.level" value=""/>
    <property name="idea.version2019.1" value="true"/>
    <property name="java.library.path" value="D:\java\jre\bin;C:\WINDOWS\Sun\Java\bin;C:\WINDOWS\system32;C:\WINDOWS;C:\ProgramData\Oracle\Java\javapath;C:\Program Files (x86)\Intel\iCLS Client\;C:\Program Files\Intel\iCLS Client\;C:\windows\system32;C:\windows;C:\windows\System32\Wbem;C:\windows\System32\WindowsPowerShell\v1.0\;C:\Program Files (x86)\Intel\Intel(R) Management Engine Components\DAL;C:\Program Files\Intel\Intel(R) Management Engine Components\DAL;C:\Program Files (x86)\Intel\Intel(R) Management Engine Components\IPT;C:\Program Files\Intel\Intel(R) Management Engine Components\IPT;C:\Program Files (x86)\NVIDIA Corporation\PhysX\Common;C:\WINDOWS\system32;C:\WINDOWS;C:\WINDOWS\System32\Wbem;C:\WINDOWS\System32\WindowsPowerShell\v1.0\;D:\MySQL\bin;D:\SDK\platform-tools;C:\Program Files (x86)\Windows Kits\8.1\Windows Performance Toolkit\;C:\Program Files\Microsoft SQL Server\110\Tools\Binn\;C:\Program Files (x86)\Microsoft SDKs\TypeScript\1.0\;C:\Program Files\Microsoft SQL Server\120\Tools\Binn\;C:\Program Files (x86)\Microsoft SQL Server\100\Tools\Binn\;C:\Program Files\Microsoft SQL Server\100\Tools\Binn\;C:\Program Files\Microsoft SQL Server\100\DTS\Binn\;C:\WINDOWS\System32\OpenSSH\;C:\Program Files\TortoiseSVN\bin;D:\TortoiseGit\bin;C:\Program Files\Intel\WiFi\bin\;C:\Program Files\Common Files\Intel\WirelessCommon\;C:\Users\ggs\Downloads\apache-maven-3.6.0-bin\apache-maven-3.6.0\bin\;C:\Users\ggs\Downloads\apache-tomcat-9.0.4-windows-x64\apache-tomcat-9.0.4\bin\;D:\java\bin;D:\java\jre\bin;C:\Users\ggs\AppData\Local\Microsoft\WindowsApps;;."/>
    <property name="java.vm.info" value="mixed mode"/>
    <property name="java.vendor" value="Oracle Corporation"/>
    <property name="java.vm.version" value="25.60-b23"/>
    <property name="java.ext.dirs" value="D:\java\jre\lib\ext;C:\WINDOWS\Sun\Java\lib\ext"/>
    <property name="sun.io.unicode.encoding" value="UnicodeLittle"/>
    <property name="java.class.version" value="52.0"/>
  </properties>
  <testcase name="contextLoads" classname="com.provider.DemoApplicationTests" time="0.278"/>
</testsuite>